1670561213806	geckodriver	INFO	Listening on 127.0.0.1:50524
1670561216822	mozrunner::runner	INFO	Running command: "C:\\Program Files\\Mozilla Firefox\\firefox.exe" "--marionette" "--remote-debugging-port" "50525" "--remote-allow-hosts" "localhost" "-no-remote" "-profile" "C:\\Users\\ericm\\AppData\\Local\\Temp\\rust_mozprofilezOF7gC"
1670561217112	Marionette	INFO	Marionette enabled
1670561217116	Marionette	INFO	Listening on port 50549
Read port: 50549
WebDriver BiDi listening on ws://127.0.0.1:50525
1670561217202	RemoteAgent	WARN	TLS certificate errors will be ignored for this session
console.warn: SearchSettings: "get: No settings file exists, new profile?" (new NotFoundError("Could not open the file at C:\\Users\\ericm\\AppData\\Local\\Temp\\rust_mozprofilezOF7gC\\search.json.mozlz4", (void 0)))
DevTools listening on ws://127.0.0.1:50525/devtools/browser/a41f50b1-7f37-4515-be0d-cfb593d3d407
JavaScript error: http://inventwithpython.com/js/bootstrap.min.js, line 7: Error: Bootstrap tooltips require Tether (http://tether.io/)
1670561219312	Marionette	WARN	Ignoring event 'DOMContentLoaded' because document has an invalid readyState of 'complete'.
JavaScript error: https://inventwithpython.com/js/bootstrap.min.js, line 7: Error: Bootstrap tooltips require Tether (http://tether.io/)
JavaScript error: , line 0: NotFoundError: No such JSWindowActor 'DevToolsFrame'
1670561476676	Marionette	INFO	Stopped listening on port 50549
console.warn: TopSitesFeed: Failed to fetch data from Contile server: NetworkError when attempting to fetch resource.
[Parent 33504, IPC I/O Parent] WARNING: file /builds/worker/checkouts/gecko/ipc/chromium/src/base/process_util_win.cc:167
1670561486110	geckodriver	INFO	Listening on 127.0.0.1:50804
1670561489112	mozrunner::runner	INFO	Running command: "C:\\Program Files\\Mozilla Firefox\\firefox.exe" "--marionette" "--remote-debugging-port" "50805" "--remote-allow-hosts" "localhost" "-no-remote" "-profile" "C:\\Users\\ericm\\AppData\\Local\\Temp\\rust_mozprofilebpc17A"
1670561489406	Marionette	INFO	Marionette enabled
1670561489410	Marionette	INFO	Listening on port 50825
Read port: 50825
WebDriver BiDi listening on ws://127.0.0.1:50805
1670561489498	RemoteAgent	WARN	TLS certificate errors will be ignored for this session
console.warn: SearchSettings: "get: No settings file exists, new profile?" (new NotFoundError("Could not open the file at C:\\Users\\ericm\\AppData\\Local\\Temp\\rust_mozprofilebpc17A\\search.json.mozlz4", (void 0)))
DevTools listening on ws://127.0.0.1:50805/devtools/browser/b0ceb809-4202-4f88-b74e-e979b603ac58
JavaScript error: http://inventwithpython.com/js/bootstrap.min.js, line 7: Error: Bootstrap tooltips require Tether (http://tether.io/)
1670561491616	Marionette	WARN	Ignoring event 'DOMContentLoaded' because document has an invalid readyState of 'complete'.
JavaScript error: https://inventwithpython.com/js/bootstrap.min.js, line 7: Error: Bootstrap tooltips require Tether (http://tether.io/)
JavaScript error: resource://gre/modules/AsyncShutdown.jsm, line 574: NotFoundError: No such JSWindowActor 'DevToolsFrame'
1670561698763	Marionette	INFO	Stopped listening on port 50825
[Parent 8460, IPC I/O Parent] WARNING: file /builds/worker/checkouts/gecko/ipc/chromium/src/base/process_util_win.cc:167
mp\\rust_mozprofile8KeYGo"
1670561687001	Marionette	INFO	Marionette enabled
1670561687005	Marionette	INFO	Listening on port 50965
Read port: 50965
WebDriver BiDi listening on ws://127.0.0.1:50942
1670561687093	RemoteAgent	WARN	TLS certificate errors will be ignored for this session
console.warn: SearchSettings: "get: No settings file exists, new profile?" (new NotFoundError("Could not open the file at C:\\Users\\ericm\\AppData\\Local\\Temp\\rust_mozprofile8KeYGo\\search.json.mozlz4", (void 0)))
DevTools listening on ws://127.0.0.1:50942/devtools/browser/db80ec6c-7e97-4171-9621-0f4c90174b1d
JavaScript error: http://inventwithpython.com/js/bootstrap.min.js, line 7: Error: Bootstrap tooltips require Tether (http://tether.io/)
1670561689107	Marionette	WARN	Ignoring event 'DOMContentLoaded' because document has an invalid readyState of 'complete'.
JavaScript error: https://inventwithpython.com/js/bootstrap.min.js, line 7: Error: Bootstrap tooltips require Tether (http://tether.io/)
1670561696447	Marionette	INFO	Stopped listening on port 50965
console.warn: TopSitesFeed: Failed to fetch data from Contile server: NetworkError when attempting to fetch resource.
[Parent 36096, IPC I/O Parent] WARNING: file /builds/worker/checkouts/gecko/ipc/chromium/src/base/process_util_win.cc:167
1670566817117	geckodriver	INFO	Listening on 127.0.0.1:56502
1670566820121	mozrunner::runner	INFO	Running command: "C:\\Program Files\\Mozilla Firefox\\firefox.exe" "--marionette" "--remote-debugging-port" "56503" "--remote-allow-hosts" "localhost" "-no-remote" "-profile" "C:\\Users\\ericm\\AppData\\Local\\Temp\\rust_mozprofileYUIZUC"
1670566820410	Marionette	INFO	Marionette enabled
1670566820415	Marionette	INFO	Listening on port 56526
Read port: 56526
WebDriver BiDi listening on ws://127.0.0.1:56503
1670566820512	RemoteAgent	WARN	TLS certificate errors will be ignored for this session
console.warn: SearchSettings: "get: No settings file exists, new profile?" (new NotFoundError("Could not open the file at C:\\Users\\ericm\\AppData\\Local\\Temp\\rust_mozprofileYUIZUC\\search.json.mozlz4", (void 0)))
DevTools listening on ws://127.0.0.1:56503/devtools/browser/98eeda68-3e45-4505-b880-c0cefd38a3b2
JavaScript error: http://inventwithpython.com/js/bootstrap.min.js, line 7: Error: Bootstrap tooltips require Tether (http://tether.io/)
1670566823603	Marionette	WARN	Ignoring event 'DOMContentLoaded' because document has an invalid readyState of 'complete'.
JavaScript error: https://inventwithpython.com/js/bootstrap.min.js, line 7: Error: Bootstrap tooltips require Tether (http://tether.io/)
1670566828405	Marionette	INFO	Stopped listening on port 56526
[Parent 9716, IPC I/O Parent] WARNING: file /builds/worker/checkouts/gecko/ipc/chromium/src/base/process_util_win.cc:167
console.warn: TopSitesFeed: Failed to fetch data from Contile server: NetworkError when attempting to fetch resource.
[Parent 9716, IPC I/O Parent] WARNING: file /builds/worker/checkouts/gecko/ipc/chromium/src/base/process_util_win.cc:167
